1 3
2 6
3 9
4 5
5 15
6 18
7 21
8 10
9 7
10 30
11 33
12 15
13 39
14 42
15 45
16 9
17 51
18 14
19 57
20 25
21 63
22 66
23 69
24 30
25 11
26 78
27 21
28 35
29 87
30 90
31 93
32 18
33 99
34 102
35 105
36 13
37 111
38 114
39 117
40 50
41 123
42 126
43 129
44 55
45 35
46 138
47 141
48 27
49 15
50 22
51 153
52 65
53 159
54 42
55 165
56 70
57 171
58 174
59 177
60 75
61 183
62 186
63 49
64 17
65 195
66 198
67 201
68 85
69 207
70 210
71 213
72 26
73 219
74 222
75 33
76 95
77 231
78 234
79 237
80 45
81 19
82 246
83 249
84 105
85 255
86 258
87 261
88 110
89 267
90 70
91 273
92 115
93 279
94 282
95 285
96 54
97 291
98 30
99 77
